# JRE version: OpenJDK Runtime Environment AdoptOpenJDK-11.0.11+9 (11.0.11+9) (build 11.0.11+9)
# Java VM: OpenJDK 64-Bit Server VM AdoptOpenJDK-11.0.11+9 (11.0.11+9, mixed mode, tiered, compressed oops, g1 gc, windows-amd64)
Heap:
 garbage-first heap   total 312320K, used 14139K [0x0000000702600000, 0x0000000800000000)
  region size 1024K, 8 young (8192K), 8 survivors (8192K)
 Metaspace       used 34828K, capacity 35823K, committed 35840K, reserved 1081344K
  class space    used 4464K, capacity 4862K, committed 4864K, reserved 1048576K
GC Heap History (11 events):
Event: 0.577 GC heap before
{Heap before GC invocations=0 (full 0):
 garbage-first heap   total 260096K, used 14336K [0x0000000702600000, 0x0000000800000000)
  region size 1024K, 14 young (14336K), 0 survivors (0K)
 Metaspace       used 11787K, capacity 12066K, committed 12160K, reserved 1060864K
  class space    used 1250K, capacity 1369K, committed 1408K, reserved 1048576K
}
Event: 0.580 GC heap after
{Heap after GC invocations=1 (full 0):
 garbage-first heap   total 260096K, used 6375K [0x0000000702600000, 0x0000000800000000)
  region size 1024K, 2 young (2048K), 2 survivors (2048K)
 Metaspace       used 11787K, capacity 12066K, committed 12160K, reserved 1060864K
  class space    used 1250K, capacity 1369K, committed 1408K, reserved 1048576K
}
Event: 0.717 GC heap before
{Heap before GC invocations=1 (full 0):
 garbage-first heap   total 260096K, used 16615K [0x0000000702600000, 0x0000000800000000)
  region size 1024K, 12 young (12288K), 2 survivors (2048K)
 Metaspace       used 14151K, capacity 14500K, committed 14720K, reserved 1062912K
  class space    used 1507K, capacity 1650K, committed 1664K, reserved 1048576K
}
Event: 0.720 GC heap after
{Heap after GC invocations=2 (full 0):
 garbage-first heap   total 260096K, used 7520K [0x0000000702600000, 0x0000000800000000)
  region size 1024K, 2 young (2048K), 2 survivors (2048K)
 Metaspace       used 14151K, capacity 14500K, committed 14720K, reserved 1062912K
  class space    used 1507K, capacity 1650K, committed 1664K, reserved 1048576K
}
Event: 1.059 GC heap before
{Heap before GC invocations=2 (full 0):
 garbage-first heap   total 260096K, used 36192K [0x0000000702600000, 0x0000000800000000)
  region size 1024K, 30 young (30720K), 2 survivors (2048K)
 Metaspace       used 19217K, capacity 19854K, committed 19968K, reserved 1067008K
  class space    used 2244K, capacity 2479K, committed 2560K, reserved 1048576K
}
Event: 1.062 GC heap after
{Heap after GC invocations=3 (full 0):
 garbage-first heap   total 260096K, used 8950K [0x0000000702600000, 0x0000000800000000)
  region size 1024K, 3 young (3072K), 3 survivors (3072K)
 Metaspace       used 19217K, capacity 19854K, committed 19968K, reserved 1067008K
  class space    used 2244K, capacity 2479K, committed 2560K, reserved 1048576K
}
Event: 1.142 GC heap before
{Heap before GC invocations=3 (full 0):
 garbage-first heap   total 260096K, used 18166K [0x0000000702600000, 0x0000000800000000)
  region size 1024K, 13 young (13312K), 3 survivors (3072K)
 Metaspace       used 20406K, capacity 21118K, committed 21248K, reserved 1067008K
  class space    used 2430K, capacity 2709K, committed 2816K, reserved 1048576K
}
Event: 1.145 GC heap after
{Heap after GC invocations=4 (full 0):
 garbage-first heap   total 260096K, used 9163K [0x0000000702600000, 0x0000000800000000)
  region size 1024K, 3 young (3072K), 3 survivors (3072K)
 Metaspace       used 20406K, capacity 21118K, committed 21248K, reserved 1067008K
  class space    used 2430K, capacity 2709K, committed 2816K, reserved 1048576K
}
Event: 1.447 GC heap before
{Heap before GC invocations=5 (full 0):
 garbage-first heap   total 260096K, used 99275K [0x0000000702600000, 0x0000000800000000)
  region size 1024K, 92 young (94208K), 3 survivors (3072K)
 Metaspace       used 26166K, capacity 27079K, committed 27264K, reserved 1073152K
  class space    used 3324K, capacity 3673K, committed 3712K, reserved 1048576K
}
Event: 1.451 GC heap after
{Heap after GC invocations=6 (full 0):
 garbage-first heap   total 260096K, used 10991K [0x0000000702600000, 0x0000000800000000)
  region size 1024K, 5 young (5120K), 5 survivors (5120K)
 Metaspace       used 26166K, capacity 27079K, committed 27264K, reserved 1073152K
  class space    used 3324K, capacity 3673K, committed 3712K, reserved 1048576K
}
Event: 2.177 GC heap before
{Heap before GC invocations=6 (full 0):
 garbage-first heap   total 260096K, used 107247K [0x0000000702600000, 0x0000000800000000)
  region size 1024K, 100 young (102400K), 5 survivors (5120K)
 Metaspace       used 34828K, capacity 35823K, committed 35840K, reserved 1081344K
  class space    used 4464K, capacity 4862K, committed 4864K, reserved 1048576K
}

