# JRE version: OpenJDK Runtime Environment AdoptOpenJDK-11.0.11+9 (11.0.11+9) (build 11.0.11+9)
# Java VM: OpenJDK 64-Bit Server VM AdoptOpenJDK-11.0.11+9 (11.0.11+9, mixed mode, tiered, compressed oops, g1 gc, windows-amd64)
Heap:
 garbage-first heap   total 260096K, used 68617K [0x0000000702600000, 0x0000000800000000)
  region size 1024K, 44 young (45056K), 2 survivors (2048K)
 Metaspace       used 32327K, capacity 32915K, committed 33072K, reserved 1085440K
  class space    used 3394K, capacity 3610K, committed 3712K, reserved 1048576K
GC Heap History (12 events):
Event: 0.589 GC heap before
{Heap before GC invocations=0 (full 0):
 garbage-first heap   total 260096K, used 14336K [0x0000000702600000, 0x0000000800000000)
  region size 1024K, 14 young (14336K), 0 survivors (0K)
 Metaspace       used 11333K, capacity 11578K, committed 11776K, reserved 1060864K
  class space    used 1068K, capacity 1159K, committed 1280K, reserved 1048576K
}
Event: 0.592 GC heap after
{Heap after GC invocations=1 (full 0):
 garbage-first heap   total 260096K, used 2956K [0x0000000702600000, 0x0000000800000000)
  region size 1024K, 2 young (2048K), 2 survivors (2048K)
 Metaspace       used 11333K, capacity 11578K, committed 11776K, reserved 1060864K
  class space    used 1068K, capacity 1159K, committed 1280K, reserved 1048576K
}
Event: 0.718 GC heap before
{Heap before GC invocations=1 (full 0):
 garbage-first heap   total 260096K, used 13196K [0x0000000702600000, 0x0000000800000000)
  region size 1024K, 12 young (12288K), 2 survivors (2048K)
 Metaspace       used 13142K, capacity 13350K, committed 13440K, reserved 1060864K
  class space    used 1314K, capacity 1387K, committed 1408K, reserved 1048576K
}
Event: 0.720 GC heap after
{Heap after GC invocations=2 (full 0):
 garbage-first heap   total 260096K, used 3529K [0x0000000702600000, 0x0000000800000000)
  region size 1024K, 1 young (1024K), 1 survivors (1024K)
 Metaspace       used 13142K, capacity 13350K, committed 13440K, reserved 1060864K
  class space    used 1314K, capacity 1387K, committed 1408K, reserved 1048576K
}
Event: 1.134 GC heap before
{Heap before GC invocations=2 (full 0):
 garbage-first heap   total 260096K, used 34249K [0x0000000702600000, 0x0000000800000000)
  region size 1024K, 31 young (31744K), 1 survivors (1024K)
 Metaspace       used 17499K, capacity 17712K, committed 17920K, reserved 1064960K
  class space    used 1864K, capacity 1981K, committed 2048K, reserved 1048576K
}
Event: 1.136 GC heap after
{Heap after GC invocations=3 (full 0):
 garbage-first heap   total 260096K, used 4969K [0x0000000702600000, 0x0000000800000000)
  region size 1024K, 2 young (2048K), 2 survivors (2048K)
 Metaspace       used 17499K, capacity 17712K, committed 17920K, reserved 1064960K
  class space    used 1864K, capacity 1981K, committed 2048K, reserved 1048576K
}
Event: 1.609 GC heap before
{Heap before GC invocations=3 (full 0):
 garbage-first heap   total 260096K, used 32617K [0x0000000702600000, 0x0000000800000000)
  region size 1024K, 30 young (30720K), 2 survivors (2048K)
 Metaspace       used 20836K, capacity 21119K, committed 21296K, reserved 1069056K
  class space    used 2197K, capacity 2317K, committed 2432K, reserved 1048576K
}
Event: 1.621 GC heap after
{Heap after GC invocations=4 (full 0):
 garbage-first heap   total 260096K, used 8330K [0x0000000702600000, 0x0000000800000000)
  region size 1024K, 6 young (6144K), 6 survivors (6144K)
 Metaspace       used 20836K, capacity 21119K, committed 21296K, reserved 1069056K
  class space    used 2197K, capacity 2317K, committed 2432K, reserved 1048576K
}
Event: 2.226 GC heap before
{Heap before GC invocations=5 (full 0):
 garbage-first heap   total 260096K, used 63626K [0x0000000702600000, 0x0000000800000000)
  region size 1024K, 60 young (61440K), 6 survivors (6144K)
 Metaspace       used 21687K, capacity 22044K, committed 22320K, reserved 1069056K
  class space    used 2237K, capacity 2390K, committed 2432K, reserved 1048576K
}
Event: 2.235 GC heap after
{Heap after GC invocations=6 (full 0):
 garbage-first heap   total 260096K, used 11983K [0x0000000702600000, 0x0000000800000000)
  region size 1024K, 7 young (7168K), 7 survivors (7168K)
 Metaspace       used 21687K, capacity 22044K, committed 22320K, reserved 1069056K
  class space    used 2237K, capacity 2390K, committed 2432K, reserved 1048576K
}
Event: 3.384 GC heap before
{Heap before GC invocations=6 (full 0):
 garbage-first heap   total 260096K, used 162511K [0x0000000702600000, 0x0000000800000000)
  region size 1024K, 152 young (155648K), 7 survivors (7168K)
 Metaspace       used 31339K, capacity 31994K, committed 32176K, reserved 1077248K
  class space    used 3320K, capacity 3541K, committed 3584K, reserved 1048576K
}
Event: 3.396 GC heap after
{Heap after GC invocations=7 (full 0):
 garbage-first heap   total 260096K, used 25609K [0x0000000702600000, 0x0000000800000000)
  region size 1024K, 19 young (19456K), 19 survivors (19456K)
 Metaspace       used 31339K, capacity 31994K, committed 32176K, reserved 1077248K
  class space    used 3320K, capacity 3541K, committed 3584K, reserved 1048576K
}

